TN:
SF:/Users/ravihanumanthappa/ionic-ws/newsfeed/newsfeed/src/polyfills.ts
FNF:0
FNH:0
LF:0
LH:0
BRF:0
BRH:0
end_of_record
TN:
SF:/Users/ravihanumanthappa/ionic-ws/newsfeed/newsfeed/src/test.ts
FNF:0
FNH:0
DA:13,1
DA:18,1
DA:20,1
LF:3
LH:3
BRF:0
BRH:0
end_of_record
TN:
SF:/Users/ravihanumanthappa/ionic-ws/newsfeed/newsfeed/src/zone-flags.ts
FNF:0
FNH:0
DA:5,1
LF:1
LH:1
BRF:0
BRH:0
end_of_record
TN:
SF:/Users/ravihanumanthappa/ionic-ws/newsfeed/newsfeed/src/app/app.component.ts
FN:13,(anonymous_0)
FN:21,(anonymous_1)
FN:22,(anonymous_2)
FNF:3
FNH:3
FNDA:2,(anonymous_0)
FNDA:2,(anonymous_1)
FNDA:2,(anonymous_2)
DA:12,1
DA:14,2
DA:15,2
DA:16,2
DA:18,2
DA:22,2
DA:23,2
DA:24,2
LF:8
LH:8
BRF:0
BRH:0
end_of_record
TN:
SF:/Users/ravihanumanthappa/ionic-ws/newsfeed/newsfeed/src/app/network.service.ts
FN:17,(anonymous_0)
FN:19,(anonymous_1)
FNF:2
FNH:2
FNDA:5,(anonymous_0)
FNDA:1,(anonymous_1)
DA:13,1
DA:14,5
DA:15,5
DA:17,5
DA:20,1
DA:24,1
LF:6
LH:6
BRF:0
BRH:0
end_of_record
TN:
SF:/Users/ravihanumanthappa/ionic-ws/newsfeed/newsfeed/src/app/detailpage/detailpage.page.ts
FN:24,(anonymous_0)
FN:26,(anonymous_1)
FNF:2
FNH:0
FNDA:0,(anonymous_0)
FNDA:0,(anonymous_1)
DA:11,1
DA:24,0
DA:27,0
DA:28,0
DA:29,0
DA:30,0
DA:31,0
DA:32,0
DA:33,0
LF:9
LH:1
BRF:0
BRH:0
end_of_record
TN:
SF:/Users/ravihanumanthappa/ionic-ws/newsfeed/newsfeed/src/app/home/home.page.ts
FN:17,(anonymous_0)
FN:19,(anonymous_1)
FN:20,(anonymous_2)
FN:26,(anonymous_3)
FNF:4
FNH:1
FNDA:3,(anonymous_0)
FNDA:0,(anonymous_1)
FNDA:0,(anonymous_2)
FNDA:0,(anonymous_3)
DA:12,1
DA:15,3
DA:17,3
DA:20,0
DA:21,0
DA:22,0
DA:27,0
LF:7
LH:3
BRF:0
BRH:0
end_of_record
